;  LST file generated by mikroListExporter - v.2.0 
; Date/Time: 10/03/2023 12:17:40 p. m.
;----------------------------------------------

;Address Opcode 	ASM
0x0000	0x28C6      	GOTO       198
_UART1_Write:
;__Lib_UART_c67.c,39 :: 		
;__Lib_UART_c67.c,40 :: 		
L_UART1_Write3:
0x0003	0x1683      	BSF        STATUS, 5
0x0004	0x1303      	BCF        STATUS, 6
0x0005	0x1898      	BTFSC      TXSTA, 1
0x0006	0x2809      	GOTO       L_UART1_Write4
;__Lib_UART_c67.c,41 :: 		
0x0007	0x0000      	NOP
0x0008	0x2803      	GOTO       L_UART1_Write3
L_UART1_Write4:
;__Lib_UART_c67.c,42 :: 		
0x0009	0x1283      	BCF        STATUS, 5
0x000A	0x0835      	MOVF       FARG_UART1_Write_data_, 0
0x000B	0x0099      	MOVWF      TXREG
;__Lib_UART_c67.c,43 :: 		
L_end_UART1_Write:
0x000C	0x0008      	RETURN
; end of _UART1_Write
_____DoICP:
;__Lib_System.c,6 :: 		
;__Lib_System.c,9 :: 		
0x000D	0x1283      	BCF        STATUS, 5
0x000E	0x1303      	BCF        STATUS, 6
0x000F	0x0831      	MOVF       ___DoICPAddr+1, 0
0x0010	0x008A      	MOVWF      PCLATH
;__Lib_System.c,10 :: 		
0x0011	0x0830      	MOVF       ___DoICPAddr, 0
0x0012	0x0082      	MOVWF      PCL
;__Lib_System.c,12 :: 		
L_end_____DoICP:
0x0013	0x0008      	RETURN
; end of _____DoICP
_UART1_Write_Text:
;__Lib_UART_c67.c,47 :: 		
;__Lib_UART_c67.c,48 :: 		
0x0014	0x1283      	BCF        STATUS, 5
0x0015	0x1303      	BCF        STATUS, 6
0x0016	0x01B4      	CLRF       UART1_Write_Text_counter_L0
;__Lib_UART_c67.c,50 :: 		
0x0017	0x0832      	MOVF       FARG_UART1_Write_Text_uart_text, 0
0x0018	0x0084      	MOVWF      FSR
0x0019	0x0800      	MOVF       INDF, 0
0x001A	0x00B3      	MOVWF      UART1_Write_Text_data__L0
;__Lib_UART_c67.c,51 :: 		
L_UART1_Write_Text5:
0x001B	0x0833      	MOVF       UART1_Write_Text_data__L0, 0
0x001C	0x3A00      	XORLW      0
0x001D	0x1903      	BTFSC      STATUS, 2
0x001E	0x2829      	GOTO       L_UART1_Write_Text6
;__Lib_UART_c67.c,52 :: 		
0x001F	0x0833      	MOVF       UART1_Write_Text_data__L0, 0
0x0020	0x00B5      	MOVWF      FARG_UART1_Write_data_
0x0021	0x2003      	CALL       _UART1_Write
;__Lib_UART_c67.c,53 :: 		
0x0022	0x0AB4      	INCF       UART1_Write_Text_counter_L0, 1
;__Lib_UART_c67.c,54 :: 		
0x0023	0x0834      	MOVF       UART1_Write_Text_counter_L0, 0
0x0024	0x0732      	ADDWF      FARG_UART1_Write_Text_uart_text, 0
0x0025	0x0084      	MOVWF      FSR
0x0026	0x0800      	MOVF       INDF, 0
0x0027	0x00B3      	MOVWF      UART1_Write_Text_data__L0
;__Lib_UART_c67.c,55 :: 		
0x0028	0x281B      	GOTO       L_UART1_Write_Text5
L_UART1_Write_Text6:
;__Lib_UART_c67.c,56 :: 		
L_end_UART1_Write_Text:
0x0029	0x0008      	RETURN
; end of _UART1_Write_Text
_iniciar_moden:
;invernadero_iot_1.c,194 :: 		void iniciar_moden(){
;invernadero_iot_1.c,195 :: 		ec_fsm.anterior=kFSM_ENVIANDO_AT;
0x002A	0x3001      	MOVLW      1
0x002B	0x1283      	BCF        STATUS, 5
0x002C	0x1303      	BCF        STATUS, 6
0x002D	0x00AE      	MOVWF      _ec_fsm
;invernadero_iot_1.c,196 :: 		ec_fsm.actual=kFSM_ENVIANDO_AT;
0x002E	0x3001      	MOVLW      1
0x002F	0x00AF      	MOVWF      _ec_fsm+1
;invernadero_iot_1.c,197 :: 		}
L_end_iniciar_moden:
0x0030	0x0008      	RETURN
; end of _iniciar_moden
_UART1_Init:
;__Lib_UART_c67.c,2 :: 		
;__Lib_UART_c67.c,5 :: 		
0x0031	0x1683      	BSF        STATUS, 5
0x0032	0x1303      	BCF        STATUS, 6
0x0033	0x1698      	BSF        TXSTA, 5
;__Lib_UART_c67.c,6 :: 		
0x0034	0x3090      	MOVLW      144
0x0035	0x1283      	BCF        STATUS, 5
0x0036	0x0098      	MOVWF      RCSTA
;__Lib_UART_c67.c,7 :: 		
0x0037	0x1683      	BSF        STATUS, 5
0x0038	0x1787      	BSF        TRISC7_bit, BitPos(TRISC7_bit+0)
;__Lib_UART_c67.c,8 :: 		
0x0039	0x1307      	BCF        TRISC6_bit, BitPos(TRISC6_bit+0)
;__Lib_UART_c67.c,10 :: 		
L_UART1_Init0:
0x003A	0x1283      	BCF        STATUS, 5
0x003B	0x1E8C      	BTFSS      PIR1, 5
0x003C	0x2840      	GOTO       L_UART1_Init1
;__Lib_UART_c67.c,11 :: 		
0x003D	0x081A      	MOVF       RCREG, 0
0x003E	0x00F0      	MOVWF      R0
0x003F	0x283A      	GOTO       L_UART1_Init0
L_UART1_Init1:
;__Lib_UART_c67.c,12 :: 		
L_end_UART1_Init:
0x0040	0x0008      	RETURN
; end of _UART1_Init
_moden_coneccion:
;invernadero_iot_1.c,205 :: 		void moden_coneccion(){
;invernadero_iot_1.c,207 :: 		switch(ec_fsm.actual) {
0x0041	0x2850      	GOTO       L_moden_coneccion14
;invernadero_iot_1.c,208 :: 		case kFSM_INICIO:
L_moden_coneccion16:
;invernadero_iot_1.c,209 :: 		break;
0x0042	0x2867      	GOTO       L_moden_coneccion15
;invernadero_iot_1.c,210 :: 		case kFSM_ENVIANDO_AT:
L_moden_coneccion17:
;invernadero_iot_1.c,211 :: 		UART1_Write_Text(&ec25_comandos_at[kAT]);	//Envia comando AT
0x0043	0x3020      	MOVLW      _ec25_comandos_at
0x0044	0x1283      	BCF        STATUS, 5
0x0045	0x1303      	BCF        STATUS, 6
0x0046	0x00B2      	MOVWF      FARG_UART1_Write_Text_uart_text
0x0047	0x2014      	CALL       _UART1_Write_Text
;invernadero_iot_1.c,212 :: 		ec_fsm.anterior = ec_fsm.actual;		//almacena el estado actual
0x0048	0x082F      	MOVF       _ec_fsm+1, 0
0x0049	0x00AE      	MOVWF      _ec_fsm
;invernadero_iot_1.c,213 :: 		ec_fsm.actual = kFSM_ESPERANDO_RESPUESTA;	//avanza a esperar respuesta del modem
0x004A	0x3008      	MOVLW      8
0x004B	0x00AF      	MOVWF      _ec_fsm+1
;invernadero_iot_1.c,214 :: 		break;
0x004C	0x2867      	GOTO       L_moden_coneccion15
;invernadero_iot_1.c,215 :: 		case kFSM_RESULTADO_ERROR:
L_moden_coneccion18:
;invernadero_iot_1.c,216 :: 		break;
0x004D	0x2867      	GOTO       L_moden_coneccion15
;invernadero_iot_1.c,217 :: 		case kFSM_RESULTADO_EXITOSO:
L_moden_coneccion19:
;invernadero_iot_1.c,218 :: 		break;
0x004E	0x2867      	GOTO       L_moden_coneccion15
;invernadero_iot_1.c,219 :: 		case kFSM_ESPERANDO_RESPUESTA:
L_moden_coneccion20:
;invernadero_iot_1.c,221 :: 		default: ;
L_moden_coneccion21:
;invernadero_iot_1.c,222 :: 		}
0x004F	0x2867      	GOTO       L_moden_coneccion15
L_moden_coneccion14:
0x0050	0x1283      	BCF        STATUS, 5
0x0051	0x1303      	BCF        STATUS, 6
0x0052	0x082F      	MOVF       _ec_fsm+1, 0
0x0053	0x3A00      	XORLW      0
0x0054	0x1903      	BTFSC      STATUS, 2
0x0055	0x2842      	GOTO       L_moden_coneccion16
0x0056	0x082F      	MOVF       _ec_fsm+1, 0
0x0057	0x3A01      	XORLW      1
0x0058	0x1903      	BTFSC      STATUS, 2
0x0059	0x2843      	GOTO       L_moden_coneccion17
0x005A	0x082F      	MOVF       _ec_fsm+1, 0
0x005B	0x3A09      	XORLW      9
0x005C	0x1903      	BTFSC      STATUS, 2
0x005D	0x284D      	GOTO       L_moden_coneccion18
0x005E	0x082F      	MOVF       _ec_fsm+1, 0
0x005F	0x3A0A      	XORLW      10
0x0060	0x1903      	BTFSC      STATUS, 2
0x0061	0x284E      	GOTO       L_moden_coneccion19
0x0062	0x082F      	MOVF       _ec_fsm+1, 0
0x0063	0x3A08      	XORLW      8
0x0064	0x1903      	BTFSC      STATUS, 2
0x0065	0x284F      	GOTO       L_moden_coneccion20
0x0066	0x284F      	GOTO       L_moden_coneccion21
L_moden_coneccion15:
;invernadero_iot_1.c,226 :: 		}
L_end_moden_coneccion:
0x0067	0x0008      	RETURN
; end of _moden_coneccion
_max6675_init:
;invernadero_iot_1.c,135 :: 		void max6675_init(){
;invernadero_iot_1.c,136 :: 		max6675_ck_dir=0;   //salida reloj
0x0068	0x1683      	BSF        STATUS, 5
0x0069	0x1303      	BCF        STATUS, 6
0x006A	0x1187      	BCF        TRISC, 3
;invernadero_iot_1.c,137 :: 		max6675_cs_dir=0;  //salida cs
0x006B	0x1007      	BCF        TRISC, 0
;invernadero_iot_1.c,138 :: 		max6675_dat_dir=1;  //entrada dato
0x006C	0x1607      	BSF        TRISC, 4
;invernadero_iot_1.c,140 :: 		max6675_cs=1;//salida 1
0x006D	0x1283      	BCF        STATUS, 5
0x006E	0x1407      	BSF        RC0_bit, BitPos(RC0_bit+0)
;invernadero_iot_1.c,141 :: 		max6675_ck=0; //saca cero por el reloj
0x006F	0x1187      	BCF        RC3_bit, BitPos(RC3_bit+0)
;invernadero_iot_1.c,142 :: 		Delay_ms(100);
0x0070	0x3002      	MOVLW      2
0x0071	0x00FB      	MOVWF      R11
0x0072	0x3004      	MOVLW      4
0x0073	0x00FC      	MOVWF      R12
0x0074	0x30BA      	MOVLW      186
0x0075	0x00FD      	MOVWF      R13
L_max6675_init4:
0x0076	0x0BFD      	DECFSZ     R13, 1
0x0077	0x2876      	GOTO       L_max6675_init4
0x0078	0x0BFC      	DECFSZ     R12, 1
0x0079	0x2876      	GOTO       L_max6675_init4
0x007A	0x0BFB      	DECFSZ     R11, 1
0x007B	0x2876      	GOTO       L_max6675_init4
0x007C	0x0000      	NOP
;invernadero_iot_1.c,143 :: 		}
L_end_max6675_init:
0x007D	0x0008      	RETURN
; end of _max6675_init
___CC2DW:
;__Lib_System.c,134 :: 		
;__Lib_System.c,137 :: 		
_CC2D_Loop1:
;__Lib_System.c,139 :: 		
0x007E	0x200D      	CALL       _____DoICP
0x007F	0x118A      	BCF        PCLATH, 3
0x0080	0x120A      	BCF        PCLATH, 4
;__Lib_System.c,141 :: 		
0x0081	0x0080      	MOVWF      INDF
;__Lib_System.c,142 :: 		
0x0082	0x0A84      	INCF       FSR, 1
;__Lib_System.c,143 :: 		
0x0083	0x0AB0      	INCF       ___DoICPAddr, 1
;__Lib_System.c,145 :: 		
0x0084	0x1903      	BTFSC      STATUS, 2
;__Lib_System.c,146 :: 		
0x0085	0x0AB1      	INCF       ___DoICPAddr+1, 1
;__Lib_System.c,147 :: 		
0x0086	0x03F0      	DECF       R0, 1
;__Lib_System.c,149 :: 		
0x0087	0x1D03      	BTFSS      STATUS, 2
;__Lib_System.c,150 :: 		
0x0088	0x287E      	GOTO       _CC2D_Loop1
;__Lib_System.c,152 :: 		
L_end___CC2DW:
0x0089	0x0008      	RETURN
; end of ___CC2DW
_Inicializar_ADC:
;invernadero_iot_1.c,173 :: 		void Inicializar_ADC(){
;invernadero_iot_1.c,174 :: 		PORTA  = 0x00; //Limpiar el puerto A.
0x008A	0x1283      	BCF        STATUS, 5
0x008B	0x1303      	BCF        STATUS, 6
0x008C	0x0185      	CLRF       PORTA
;invernadero_iot_1.c,175 :: 		TRISA  = 0x01; //RA0 como entrada.
0x008D	0x3001      	MOVLW      1
0x008E	0x1683      	BSF        STATUS, 5
0x008F	0x0085      	MOVWF      TRISA
;invernadero_iot_1.c,176 :: 		ANSEL  = 0x01; //RA0 como entrada analógica.
0x0090	0x3001      	MOVLW      1
0x0091	0x1703      	BSF        STATUS, 6
0x0092	0x0088      	MOVWF      ANSEL
;invernadero_iot_1.c,177 :: 		ADCON0 = 0x81; //Encender ADC y seleccionar el reloj: Fosc/32.
0x0093	0x3081      	MOVLW      129
0x0094	0x1283      	BCF        STATUS, 5
0x0095	0x1303      	BCF        STATUS, 6
0x0096	0x009F      	MOVWF      ADCON0
;invernadero_iot_1.c,178 :: 		ADCON1 = 0X00; //Referencia en Vss y Vdd, Justificado a la izqueirda.
0x0097	0x1683      	BSF        STATUS, 5
0x0098	0x019F      	CLRF       ADCON1
;invernadero_iot_1.c,179 :: 		}
L_end_Inicializar_ADC:
0x0099	0x0008      	RETURN
; end of _Inicializar_ADC
_incio:
;invernadero_iot_1.c,105 :: 		void incio(){
;invernadero_iot_1.c,106 :: 		ANSEL = ANSELH = 0X00 ;
0x009A	0x1683      	BSF        STATUS, 5
0x009B	0x1703      	BSF        STATUS, 6
0x009C	0x0189      	CLRF       ANSELH
0x009D	0x0188      	CLRF       ANSEL
;invernadero_iot_1.c,109 :: 		TRISA = 0X00;
0x009E	0x1303      	BCF        STATUS, 6
0x009F	0x0185      	CLRF       TRISA
;invernadero_iot_1.c,110 :: 		PORTA = 0X00;
0x00A0	0x1283      	BCF        STATUS, 5
0x00A1	0x0185      	CLRF       PORTA
;invernadero_iot_1.c,113 :: 		TRISB = 0X00;
0x00A2	0x1683      	BSF        STATUS, 5
0x00A3	0x0186      	CLRF       TRISB
;invernadero_iot_1.c,114 :: 		PORTB = 0X00;
0x00A4	0x1283      	BCF        STATUS, 5
0x00A5	0x0186      	CLRF       PORTB
;invernadero_iot_1.c,117 :: 		TRISC = 0X00;
0x00A6	0x1683      	BSF        STATUS, 5
0x00A7	0x0187      	CLRF       TRISC
;invernadero_iot_1.c,118 :: 		PORTC = 0X00;
0x00A8	0x1283      	BCF        STATUS, 5
0x00A9	0x0187      	CLRF       PORTC
;invernadero_iot_1.c,121 :: 		TRISD = 0X00;
0x00AA	0x1683      	BSF        STATUS, 5
0x00AB	0x0188      	CLRF       TRISD
;invernadero_iot_1.c,122 :: 		PORTD = 0X00;
0x00AC	0x1283      	BCF        STATUS, 5
0x00AD	0x0188      	CLRF       PORTD
;invernadero_iot_1.c,125 :: 		TRISE = 0X00;
0x00AE	0x1683      	BSF        STATUS, 5
0x00AF	0x0189      	CLRF       TRISE
;invernadero_iot_1.c,126 :: 		PORTE = 0X00;
0x00B0	0x1283      	BCF        STATUS, 5
0x00B1	0x0189      	CLRF       PORTE
;invernadero_iot_1.c,129 :: 		UART1_Init(9600);               // Initialize UART module at 9600 bps
0x00B2	0x3033      	MOVLW      51
0x00B3	0x1683      	BSF        STATUS, 5
0x00B4	0x0099      	MOVWF      SPBRG
0x00B5	0x1518      	BSF        TXSTA, 2
0x00B6	0x2031      	CALL       _UART1_Init
;invernadero_iot_1.c,130 :: 		Delay_ms(100);
0x00B7	0x3002      	MOVLW      2
0x00B8	0x00FB      	MOVWF      R11
0x00B9	0x3004      	MOVLW      4
0x00BA	0x00FC      	MOVWF      R12
0x00BB	0x30BA      	MOVLW      186
0x00BC	0x00FD      	MOVWF      R13
L_incio3:
0x00BD	0x0BFD      	DECFSZ     R13, 1
0x00BE	0x28BD      	GOTO       L_incio3
0x00BF	0x0BFC      	DECFSZ     R12, 1
0x00C0	0x28BD      	GOTO       L_incio3
0x00C1	0x0BFB      	DECFSZ     R11, 1
0x00C2	0x28BD      	GOTO       L_incio3
0x00C3	0x0000      	NOP
;invernadero_iot_1.c,132 :: 		iniciar_moden();
0x00C4	0x202A      	CALL       _iniciar_moden
;invernadero_iot_1.c,133 :: 		}
L_end_incio:
0x00C5	0x0008      	RETURN
; end of _incio
_main:
0x00C6	0x304D      	MOVLW      ?lstr_1_invernadero_iot_1
0x00C7	0x1283      	BCF        STATUS, 5
0x00C8	0x1303      	BCF        STATUS, 6
0x00C9	0x00A0      	MOVWF      _ec25_comandos_at
0x00CA	0x3001      	MOVLW      hi_addr(?lstr_1_invernadero_iot_1)
0x00CB	0x00A1      	MOVWF      33
0x00CC	0x303C      	MOVLW      ?lstr_2_invernadero_iot_1
0x00CD	0x00A2      	MOVWF      34
0x00CE	0x3001      	MOVLW      hi_addr(?lstr_2_invernadero_iot_1)
0x00CF	0x00A3      	MOVWF      35
0x00D0	0x3020      	MOVLW      ?lstr_3_invernadero_iot_1
0x00D1	0x00A4      	MOVWF      36
0x00D2	0x3001      	MOVLW      hi_addr(?lstr_3_invernadero_iot_1)
0x00D3	0x00A5      	MOVWF      37
0x00D4	0x3017      	MOVLW      ?lstr_4_invernadero_iot_1
0x00D5	0x00A6      	MOVWF      38
0x00D6	0x3001      	MOVLW      hi_addr(?lstr_4_invernadero_iot_1)
0x00D7	0x00A7      	MOVWF      39
0x00D8	0x300D      	MOVLW      ?lstr_5_invernadero_iot_1
0x00D9	0x00A8      	MOVWF      40
0x00DA	0x3001      	MOVLW      hi_addr(?lstr_5_invernadero_iot_1)
0x00DB	0x00A9      	MOVWF      41
0x00DC	0x30F8      	MOVLW      ?lstr_6_invernadero_iot_1
0x00DD	0x00AA      	MOVWF      42
0x00DE	0x3000      	MOVLW      hi_addr(?lstr_6_invernadero_iot_1)
0x00DF	0x00AB      	MOVWF      43
0x00E0	0x3029      	MOVLW      ?lstr_7_invernadero_iot_1
0x00E1	0x00AC      	MOVWF      44
0x00E2	0x3001      	MOVLW      hi_addr(?lstr_7_invernadero_iot_1)
0x00E3	0x00AD      	MOVWF      45
;invernadero_iot_1.c,87 :: 		void main() {
;invernadero_iot_1.c,88 :: 		incio();
0x00E4	0x209A      	CALL       _incio
;invernadero_iot_1.c,90 :: 		max6675_init();
0x00E5	0x2068      	CALL       _max6675_init
;invernadero_iot_1.c,92 :: 		Inicializar_ADC();
0x00E6	0x208A      	CALL       _Inicializar_ADC
;invernadero_iot_1.c,94 :: 		while(1){
L_main0:
;invernadero_iot_1.c,98 :: 		moden_coneccion();
0x00E7	0x2041      	CALL       _moden_coneccion
;invernadero_iot_1.c,99 :: 		Delay_ms(10000);
0x00E8	0x3066      	MOVLW      102
0x00E9	0x1283      	BCF        STATUS, 5
0x00EA	0x1303      	BCF        STATUS, 6
0x00EB	0x00FB      	MOVWF      R11
0x00EC	0x3076      	MOVLW      118
0x00ED	0x00FC      	MOVWF      R12
0x00EE	0x30C1      	MOVLW      193
0x00EF	0x00FD      	MOVWF      R13
L_main2:
0x00F0	0x0BFD      	DECFSZ     R13, 1
0x00F1	0x28F0      	GOTO       L_main2
0x00F2	0x0BFC      	DECFSZ     R12, 1
0x00F3	0x28F0      	GOTO       L_main2
0x00F4	0x0BFB      	DECFSZ     R11, 1
0x00F5	0x28F0      	GOTO       L_main2
;invernadero_iot_1.c,100 :: 		}
0x00F6	0x28E7      	GOTO       L_main0
;invernadero_iot_1.c,101 :: 		}
L_end_main:
0x00F7	0x28F7      	GOTO       $+0
; end of _main
;invernadero_iot_1.c,0 :: ?lstr_6_invernadero_iot_1
0x00F8	0x3441 ;?lstr_6_invernadero_iot_1+0
0x00F9	0x3454 ;?lstr_6_invernadero_iot_1+1
0x00FA	0x342B ;?lstr_6_invernadero_iot_1+2
0x00FB	0x3443 ;?lstr_6_invernadero_iot_1+3
0x00FC	0x344D ;?lstr_6_invernadero_iot_1+4
0x00FD	0x3447 ;?lstr_6_invernadero_iot_1+5
0x00FE	0x3453 ;?lstr_6_invernadero_iot_1+6
0x00FF	0x343D ;?lstr_6_invernadero_iot_1+7
0x0100	0x3422 ;?lstr_6_invernadero_iot_1+8
0x0101	0x3433 ;?lstr_6_invernadero_iot_1+9
0x0102	0x3431 ;?lstr_6_invernadero_iot_1+10
0x0103	0x3435 ;?lstr_6_invernadero_iot_1+11
0x0104	0x3432 ;?lstr_6_invernadero_iot_1+12
0x0105	0x3438 ;?lstr_6_invernadero_iot_1+13
0x0106	0x3434 ;?lstr_6_invernadero_iot_1+14
0x0107	0x3439 ;?lstr_6_invernadero_iot_1+15
0x0108	0x3438 ;?lstr_6_invernadero_iot_1+16
0x0109	0x3436 ;?lstr_6_invernadero_iot_1+17
0x010A	0x3433 ;?lstr_6_invernadero_iot_1+18
0x010B	0x3422 ;?lstr_6_invernadero_iot_1+19
0x010C	0x3400 ;?lstr_6_invernadero_iot_1+20
; end of ?lstr_6_invernadero_iot_1
;invernadero_iot_1.c,0 :: ?lstr_5_invernadero_iot_1
0x010D	0x3441 ;?lstr_5_invernadero_iot_1+0
0x010E	0x3454 ;?lstr_5_invernadero_iot_1+1
0x010F	0x342B ;?lstr_5_invernadero_iot_1+2
0x0110	0x3443 ;?lstr_5_invernadero_iot_1+3
0x0111	0x344D ;?lstr_5_invernadero_iot_1+4
0x0112	0x3447 ;?lstr_5_invernadero_iot_1+5
0x0113	0x3446 ;?lstr_5_invernadero_iot_1+6
0x0114	0x343D ;?lstr_5_invernadero_iot_1+7
0x0115	0x3431 ;?lstr_5_invernadero_iot_1+8
0x0116	0x3400 ;?lstr_5_invernadero_iot_1+9
; end of ?lstr_5_invernadero_iot_1
;invernadero_iot_1.c,0 :: ?lstr_4_invernadero_iot_1
0x0117	0x3441 ;?lstr_4_invernadero_iot_1+0
0x0118	0x3454 ;?lstr_4_invernadero_iot_1+1
0x0119	0x342B ;?lstr_4_invernadero_iot_1+2
0x011A	0x3443 ;?lstr_4_invernadero_iot_1+3
0x011B	0x3452 ;?lstr_4_invernadero_iot_1+4
0x011C	0x3445 ;?lstr_4_invernadero_iot_1+5
0x011D	0x3447 ;?lstr_4_invernadero_iot_1+6
0x011E	0x343F ;?lstr_4_invernadero_iot_1+7
0x011F	0x3400 ;?lstr_4_invernadero_iot_1+8
; end of ?lstr_4_invernadero_iot_1
;invernadero_iot_1.c,0 :: ?lstr_3_invernadero_iot_1
0x0120	0x3441 ;?lstr_3_invernadero_iot_1+0
0x0121	0x3454 ;?lstr_3_invernadero_iot_1+1
0x0122	0x342B ;?lstr_3_invernadero_iot_1+2
0x0123	0x3443 ;?lstr_3_invernadero_iot_1+3
0x0124	0x3450 ;?lstr_3_invernadero_iot_1+4
0x0125	0x3449 ;?lstr_3_invernadero_iot_1+5
0x0126	0x344E ;?lstr_3_invernadero_iot_1+6
0x0127	0x343F ;?lstr_3_invernadero_iot_1+7
0x0128	0x3400 ;?lstr_3_invernadero_iot_1+8
; end of ?lstr_3_invernadero_iot_1
;invernadero_iot_1.c,0 :: ?lstr_7_invernadero_iot_1
0x0129	0x344D ;?lstr_7_invernadero_iot_1+0
0x012A	0x3465 ;?lstr_7_invernadero_iot_1+1
0x012B	0x346E ;?lstr_7_invernadero_iot_1+2
0x012C	0x3473 ;?lstr_7_invernadero_iot_1+3
0x012D	0x3461 ;?lstr_7_invernadero_iot_1+4
0x012E	0x346A ;?lstr_7_invernadero_iot_1+5
0x012F	0x3465 ;?lstr_7_invernadero_iot_1+6
0x0130	0x3400 ;?lstr_7_invernadero_iot_1+7
; end of ?lstr_7_invernadero_iot_1
;invernadero_iot_1.c,0 :: ?lstr_10_invernadero_iot_1
0x0131	0x3452 ;?lstr_10_invernadero_iot_1+0
0x0132	0x3445 ;?lstr_10_invernadero_iot_1+1
0x0133	0x3441 ;?lstr_10_invernadero_iot_1+2
0x0134	0x3444 ;?lstr_10_invernadero_iot_1+3
0x0135	0x3459 ;?lstr_10_invernadero_iot_1+4
0x0136	0x3400 ;?lstr_10_invernadero_iot_1+5
; end of ?lstr_10_invernadero_iot_1
;invernadero_iot_1.c,0 :: ?lstr_9_invernadero_iot_1
0x0137	0x3445 ;?lstr_9_invernadero_iot_1+0
0x0138	0x3443 ;?lstr_9_invernadero_iot_1+1
0x0139	0x3432 ;?lstr_9_invernadero_iot_1+2
0x013A	0x3435 ;?lstr_9_invernadero_iot_1+3
0x013B	0x3400 ;?lstr_9_invernadero_iot_1+4
; end of ?lstr_9_invernadero_iot_1
;invernadero_iot_1.c,0 :: ?lstr_2_invernadero_iot_1
0x013C	0x3441 ;?lstr_2_invernadero_iot_1+0
0x013D	0x3454 ;?lstr_2_invernadero_iot_1+1
0x013E	0x3449 ;?lstr_2_invernadero_iot_1+2
0x013F	0x3400 ;?lstr_2_invernadero_iot_1+3
; end of ?lstr_2_invernadero_iot_1
;invernadero_iot_1.c,0 :: ?lstr_11_invernadero_iot_1
0x0140	0x3430 ;?lstr_11_invernadero_iot_1+0
0x0141	0x342C ;?lstr_11_invernadero_iot_1+1
0x0142	0x3431 ;?lstr_11_invernadero_iot_1+2
0x0143	0x3400 ;?lstr_11_invernadero_iot_1+3
; end of ?lstr_11_invernadero_iot_1
;invernadero_iot_1.c,0 :: ?lstr_12_invernadero_iot_1
0x0144	0x344F ;?lstr_12_invernadero_iot_1+0
0x0145	0x344B ;?lstr_12_invernadero_iot_1+1
0x0146	0x3400 ;?lstr_12_invernadero_iot_1+2
; end of ?lstr_12_invernadero_iot_1
;invernadero_iot_1.c,0 :: ?lstr_14_invernadero_iot_1
0x0147	0x344F ;?lstr_14_invernadero_iot_1+0
0x0148	0x344B ;?lstr_14_invernadero_iot_1+1
0x0149	0x3400 ;?lstr_14_invernadero_iot_1+2
; end of ?lstr_14_invernadero_iot_1
;invernadero_iot_1.c,0 :: ?lstr_8_invernadero_iot_1
0x014A	0x344F ;?lstr_8_invernadero_iot_1+0
0x014B	0x344B ;?lstr_8_invernadero_iot_1+1
0x014C	0x3400 ;?lstr_8_invernadero_iot_1+2
; end of ?lstr_8_invernadero_iot_1
;invernadero_iot_1.c,0 :: ?lstr_1_invernadero_iot_1
0x014D	0x3441 ;?lstr_1_invernadero_iot_1+0
0x014E	0x3454 ;?lstr_1_invernadero_iot_1+1
0x014F	0x3400 ;?lstr_1_invernadero_iot_1+2
; end of ?lstr_1_invernadero_iot_1
;invernadero_iot_1.c,0 :: ?lstr_13_invernadero_iot_1
0x0150	0x343E ;?lstr_13_invernadero_iot_1+0
0x0151	0x3400 ;?lstr_13_invernadero_iot_1+1
; end of ?lstr_13_invernadero_iot_1
Symbol List:
//** Routines locations **
//ADDRESS    SIZE    PROCEDURE
//----------------------------------------------
0x0003      [10]    _UART1_Write
0x000D       [7]    _____DoICP
0x0014      [22]    _UART1_Write_Text
0x002A       [7]    _iniciar_moden
0x0031      [16]    _UART1_Init
0x0041      [39]    _moden_coneccion
0x0068      [22]    _max6675_init
0x007E      [12]    ___CC2DW
0x008A      [16]    _Inicializar_ADC
0x009A      [44]    _incio
0x00C6      [50]    _main
//** Variables locations ** 
//ADDRESS    SIZE    VARIABLE
//----------------------------------------------
0x0000       [1]    INDF
0x0002       [1]    PCL
0x0003       [1]    STATUS
0x0004       [1]    FSR
0x0005       [1]    PORTA
0x0006       [1]    PORTB
0x0007       [0]    RC0_bit
0x0007       [1]    PORTC
0x0007       [0]    RC3_bit
0x0008       [1]    PORTD
0x0009       [1]    PORTE
0x000A       [1]    PCLATH
0x000C       [1]    PIR1
0x0018       [1]    RCSTA
0x0019       [1]    TXREG
0x001A       [1]    RCREG
0x001F       [1]    ADCON0
0x0020      [14]    _ec25_comandos_at
0x002E       [2]    _ec_fsm
0x0030       [2]    ___DoICPAddr
0x0032       [1]    FARG_UART1_Write_Text_uart_text
0x0033       [1]    UART1_Write_Text_data__L0
0x0034       [1]    UART1_Write_Text_counter_L0
0x0035       [1]    FARG_UART1_Write_data_
0x0070       [1]    R0
0x0071       [1]    R1
0x0072       [1]    R2
0x0073       [1]    R3
0x0074       [1]    R4
0x0075       [1]    R5
0x0076       [1]    R6
0x0077       [1]    R7
0x0078       [1]    R8
0x0079       [1]    R9
0x007A       [1]    R10
0x007B       [1]    R11
0x007C       [1]    R12
0x007D       [1]    R13
0x007E       [1]    R14
0x007F       [1]    R15
0x0085       [1]    TRISA
0x0086       [1]    TRISB
0x0087       [0]    TRISC7_bit
0x0087       [0]    TRISC6_bit
0x0087       [1]    TRISC
0x0088       [1]    TRISD
0x0089       [1]    TRISE
0x0098       [1]    TXSTA
0x0099       [1]    SPBRG
0x009A       [1]    SPBRGH
0x009F       [1]    ADCON1
0x0188       [1]    ANSEL
0x0189       [1]    ANSELH
//** Constants locations ** 
//ADDRESS    SIZE    CONSTANT
//----------------------------------------------
0x00F8      [21]    ?lstr_6_invernadero_iot_1
0x010D      [10]    ?lstr_5_invernadero_iot_1
0x0117       [9]    ?lstr_4_invernadero_iot_1
0x0120       [9]    ?lstr_3_invernadero_iot_1
0x0129       [8]    ?lstr_7_invernadero_iot_1
0x0131       [6]    ?lstr_10_invernadero_iot_1
0x0137       [5]    ?lstr_9_invernadero_iot_1
0x013C       [4]    ?lstr_2_invernadero_iot_1
0x0140       [4]    ?lstr_11_invernadero_iot_1
0x0144       [3]    ?lstr_12_invernadero_iot_1
0x0147       [3]    ?lstr_14_invernadero_iot_1
0x014A       [3]    ?lstr_8_invernadero_iot_1
0x014D       [3]    ?lstr_1_invernadero_iot_1
0x0150       [2]    ?lstr_13_invernadero_iot_1
